#
# There is insufficient memory for the Java Runtime Environment to continue.
# Native memory allocation (malloc) failed to allocate 1048576 bytes for AllocateHeap
# Possible reasons:
#   The system is out of physical RAM or swap space
#   In 32 bit mode, the process size limit was hit
# Possible solutions:
#   Reduce memory load on the system
#   Increase physical memory or swap space
#   Check if swap backing store is full
#   Use 64 bit Java on a 64 bit OS
#   Decrease Java heap size (-Xmx/-Xms)
#   Decrease number of Java threads
#   Decrease Java thread stack sizes (-Xss)
#   Set larger code cache with -XX:ReservedCodeCacheSize=
# This output file may be truncated or incomplete.
#
#  Out of Memory Error (memory/allocation.inline.hpp:62), pid=7332, tid=3820
#
# JRE version:  (8.0_25-b18) (build )
# Java VM: Java HotSpot(TM) 64-Bit Server VM (25.25-b02 mixed mode windows-amd64 compressed oops)
# Failed to write core dump. Minidumps are not enabled by default on client versions of Windows
#

---------------  T H R E A D  ---------------

Current thread (0x0000000002088000):  JavaThread "Unknown thread" [_thread_in_vm, id=3820, stack(0x0000000002470000,0x0000000002570000)]

Stack: [0x0000000002470000,0x0000000002570000]
Native frames: (J=compiled Java code, j=interpreted, Vv=VM code, C=native code)
V  [jvm.dll+0x31667a]


---------------  P R O C E S S  ---------------

Java Threads: ( => current thread )

Other Threads:

=>0x0000000002088000 (exited) JavaThread "Unknown thread" [_thread_in_vm, id=3820, stack(0x0000000002470000,0x0000000002570000)]

VM state:not at safepoint (normal execution)

VM Mutex/Monitor currently owned by a thread: None

Heap:
 PSYoungGen      total 18944K, used 327K [0x00000000eb300000, 0x00000000ec800000, 0x0000000100000000)
  eden space 16384K, 2% used [0x00000000eb300000,0x00000000eb351ec8,0x00000000ec300000)
  from space 2560K, 0% used [0x00000000ec580000,0x00000000ec580000,0x00000000ec800000)
  to   space 2560K, 0% used [0x00000000ec300000,0x00000000ec300000,0x00000000ec580000)
 ParOldGen       total 44032K, used 0K [0x00000000c1800000, 0x00000000c4300000, 0x00000000eb300000)
  object space 44032K, 0% used [0x00000000c1800000,0x00000000c1800000,0x00000000c4300000)
 Metaspace       used 675K, capacity 1028K, committed 1152K, reserved 1060864K
  class space    used 66K, capacity 384K, committed 384K, reserved 1048576K

Card table byte_map: [0x0000000011c00000,0x0000000011e00000] byte_map_base: 0x00000000115f4000

Marking Bits: (ParMarkBitMap*) 0x00000000704bd490
 Begin Bits: [0x00000000122c0000, 0x0000000013260000)
 End Bits:   [0x0000000013260000, 0x0000000014200000)

Polling page: 0x0000000000240000

CodeCache: size=245760Kb used=327Kb max_used=327Kb free=245432Kb
 bounds [0x0000000002840000, 0x0000000002ab0000, 0x0000000011840000]
 total_blobs=56 nmethods=0 adapters=37
 compilation: enabled

Compilation events (0 events):
No events

GC Heap History (0 events):
No events

Deoptimization events (0 events):
No events

Internal exceptions (0 events):
No events

Events (10 events):
Event: 0.375 loading class java/lang/Short
Event: 0.375 loading class java/lang/Short done
Event: 0.375 loading class java/lang/Integer
Event: 0.375 loading class java/lang/Integer done
Event: 0.375 loading class java/lang/Long
Event: 0.375 loading class java/lang/Long done
Event: 0.379 loading class java/lang/NullPointerException
Event: 0.379 loading class java/lang/NullPointerException done
Event: 0.379 loading class java/lang/ArithmeticException
Event: 0.379 loading class java/lang/ArithmeticException done


Dynamic libraries:
0x000000013f7f0000 - 0x000000013f824000 	C:\Program Files\Java\jdk1.8.0_25\bin\java.exe
0x0000000076de0000 - 0x0000000076f89000 	C:\Windows\SYSTEM32\ntdll.dll
0x0000000076cc0000 - 0x0000000076ddf000 	C:\Windows\system32\kernel32.dll
0x000007fefcbc0000 - 0x000007fefcc2c000 	C:\Windows\system32\KERNELBASE.dll
0x000007fefdd70000 - 0x000007fefde4b000 	C:\Windows\system32\ADVAPI32.dll
0x000007fefdf20000 - 0x000007fefdfbf000 	C:\Windows\system32\msvcrt.dll
0x000007fefe5d0000 - 0x000007fefe5ef000 	C:\Windows\SYSTEM32\sechost.dll
0x000007fefee40000 - 0x000007fefef6d000 	C:\Windows\system32\RPCRT4.dll
0x0000000076bc0000 - 0x0000000076cba000 	C:\Windows\system32\USER32.dll
0x000007fefe610000 - 0x000007fefe677000 	C:\Windows\system32\GDI32.dll
0x000007feff080000 - 0x000007feff08e000 	C:\Windows\system32\LPK.dll
0x000007fefde50000 - 0x000007fefdf19000 	C:\Windows\system32\USP10.dll
0x000007fefbbd0000 - 0x000007fefbdc4000 	C:\Windows\WinSxS\amd64_microsoft.windows.common-controls_6595b64144ccf1df_6.0.7601.17514_none_fa396087175ac9ac\COMCTL32.dll
0x000007fefcf60000 - 0x000007fefcfd1000 	C:\Windows\system32\SHLWAPI.dll
0x000007fefee10000 - 0x000007fefee3e000 	C:\Windows\system32\IMM32.DLL
0x000007fefef70000 - 0x000007feff079000 	C:\Windows\system32\MSCTF.dll
0x0000000079270000 - 0x0000000079342000 	C:\Program Files\Java\jdk1.8.0_25\jre\bin\msvcr100.dll
0x000000006fce0000 - 0x000000007053a000 	C:\Program Files\Java\jdk1.8.0_25\jre\bin\server\jvm.dll
0x000007fef85b0000 - 0x000007fef85b9000 	C:\Windows\system32\WSOCK32.dll
0x000007feff0a0000 - 0x000007feff0ed000 	C:\Windows\system32\WS2_32.dll
0x000007feff090000 - 0x000007feff098000 	C:\Windows\system32\NSI.dll
0x000007fefb000000 - 0x000007fefb03b000 	C:\Windows\system32\WINMM.dll
0x0000000076fa0000 - 0x0000000076fa7000 	C:\Windows\system32\PSAPI.DLL
0x0000000074080000 - 0x000000007408f000 	C:\Program Files\Java\jdk1.8.0_25\jre\bin\verify.dll
0x0000000069f70000 - 0x0000000069f98000 	C:\Program Files\Java\jdk1.8.0_25\jre\bin\java.dll
0x0000000069f50000 - 0x0000000069f66000 	C:\Program Files\Java\jdk1.8.0_25\jre\bin\zip.dll
0x000007feea2a0000 - 0x000007feea3c5000 	C:\Windows\system32\dbghelp.dll

VM Arguments:
jvm_args: -Djava.net.preferIPv4Stack=true 
java_command: <unknown>
java_class_path (initial): .;C:\Program Files (x86)\Java\jre7\lib\ext\QTJava.zip
Launcher Type: SUN_STANDARD

Environment Variables:
JAVA_HOME=C:\Program Files\Java\jdk1.7.0_51
JRE_HOME=C:\Program Files\Java\jre7
_JAVA_OPTIONS=-Djava.net.preferIPv4Stack=true
CLASSPATH=.;C:\Program Files (x86)\Java\jre7\lib\ext\QTJava.zip
PATH=C:\ProgramData\Oracle\Java\javapath;C:\Program Files (x86)\NVIDIA Corporation\PhysX\Common;C:\Program Files (x86)\clisp-2.49;C:\Program Files (x86)\QuickTime\QTSystem\;C:\TDM-GCC-64\bin;C:\Windows\System32;C:\Program Files\doxygen\bin;C:\Users\Viktor Buntoro\xampp\xampp\mysql\bin;C:\Program Files\Java\jdk1.7.0_51\bin;C:\Program Files\OpenVPN\bin;C:\Program Files (x86)\ATI Technologies\ATI.ACE\Core-Static;C:\Program Files (x86)\Bitvise SSH Client;C:\Program Files (x86)\Heroku\bin;C:\Program Files (x86)\git\cmd;C:\Program Files\Common Files\Microsoft Shared\Windows Live;C:\Program Files\Apache Software Foundation\apache-maven-3.2.3\bin
USERNAME=Viktor Buntoro
OS=Windows_NT
PROCESSOR_IDENTIFIER=Intel64 Family 6 Model 58 Stepping 9, GenuineIntel



---------------  S Y S T E M  ---------------

OS: Windows 7 , 64 bit Build 7601 Service Pack 1

CPU:total 4 (2 cores per cpu, 2 threads per core) family 6 model 58 stepping 9, cmov, cx8, fxsr, mmx, sse, sse2, sse3, ssse3, sse4.1, sse4.2, popcnt, avx, aes, clmul, erms, ht, tsc, tscinvbit, tscinv

Memory: 4k page, physical 4094268k(895584k free), swap 5347524k(5128k free)

vm_info: Java HotSpot(TM) 64-Bit Server VM (25.25-b02) for windows-amd64 JRE (1.8.0_25-b18), built on Oct  7 2014 14:25:37 by "java_re" with MS VC++ 10.0 (VS2010)

time: Sat Mar 07 13:52:04 2015
elapsed time: 0 seconds (0d 0h 0m 0s)

